<Global>
   <ParamApero>

       <DicoLoc>
            <Symb>  Unite=pix </Symb>
            <Symb>  AeroOut=-Test-pix </Symb>
            <Symb>  OutCalib=Ori${AeroOut}/Calib.xml </Symb>
       </DicoLoc>



       <SectionBDD_Observation>
             <BDD_PtsLiaisons>
                 <Id>    Id_Pastis_Hom  </Id>
                 <KeySet> NKS-Set-Homol@@txt  </KeySet>
                 <KeyAssoc>  NKS-Assoc-CplIm2Hom@@txt </KeyAssoc>
             </BDD_PtsLiaisons>
       </SectionBDD_Observation>

       <SectionInconnues>

             <CalibrationCameraInc>
                   <Name> TheKeyCalib   </Name>
                   <CalValueInit>
                       <CalFromFileExtern>
		           <NameFile>   NewCalibD3X-pix.xml   </NameFile>
			   <NameTag>    CalibrationInternConique </NameTag>
                       </CalFromFileExtern>
                   </CalValueInit>
              </CalibrationCameraInc>

             <PoseCameraInc>
	           <PatternName>    DSC_3488\.tif   </PatternName>
	           <CalcNameCalib>  TheKeyCalib </CalcNameCalib>
                   <PosValueInit>
	               <PosId> ### </PosId>
                   </PosValueInit>
             </PoseCameraInc>


              <PoseCameraInc>
	           <PatternName>    DSC_((3424))\.tif  </PatternName>
<!--
	           <PatternName>    DSC_((3424)|(3356)|(3490)|(3486)|(3358)|(3492)|(3422))\.tif  </PatternName>
-->
	           <CalcNameCalib>  TheKeyCalib </CalcNameCalib>
                   <InitNow> false </InitNow>

                   <MEP_SPEC_MST>
                           <Show> true </Show>
                   </MEP_SPEC_MST>

		   <PosValueInit>
		        <PoseFromLiaisons>
                             <LiaisonsInit>
                                 <NameCam> ####  </NameCam>
				 <IdBD> Id_Pastis_Hom  </IdBD>
                             </LiaisonsInit>
		        </PoseFromLiaisons>
		   </PosValueInit>
              </PoseCameraInc>
<!--
-->


        </SectionInconnues>


        <SectionChantier>
	     <DirectoryChantier> ThisDir </DirectoryChantier>
        </SectionChantier>

        <SectionSolveur>
	      <ModeResolution> eSysL2BlocSym </ModeResolution> 
              <SLMGlob>
                 <RappelOnAngles>
                      <ParamF >
                          <PatternNameApply> .* </PatternNameApply>
                          <Incertitude>  0.1 </Incertitude>
                          <OnCur> true </OnCur>
                       </ParamF>
                      <TetaApply> 0 </TetaApply>
                      <TetaApply> 1 </TetaApply>
                      <TetaApply> 2 </TetaApply>
                </RappelOnAngles>
                 <RappelOnCentres>
                      <ParamF>
                             <PatternNameApply> .* </PatternNameApply>
                             <Incertitude>  0.1 </Incertitude>
                             <OnCur> true </OnCur>
                      </ParamF>
                      <OnlyWhenNoCentreInit> true</OnlyWhenNoCentreInit>
                </RappelOnCentres>

             </SLMGlob>

        </SectionSolveur>



	<SectionCompensation>
	      <EtapeCompensation>
                    <IterationsCompensation>
		       <SectionContraintes>
		          <ContraintesCamerasInc>
		              <Val> eAllParamFiges  </Val>
		          </ContraintesCamerasInc>

		       </SectionContraintes>
                       <Pose2Init>
                             <ProfMin> [2,3] </ProfMin>
                             <Show> true </Show>
                       </Pose2Init>

                    </IterationsCompensation>

                    <IterationsCompensation> </IterationsCompensation>


		    <SectionObservations>
                           <ObsLiaisons>
                              <NameRef> Id_Pastis_Hom </NameRef>
                              <Pond>
                                 <EcartMesureIndiv>  1.0 </EcartMesureIndiv>
                                 <Show> eNSM_Paquet     </Show>
                                 <NbMax>   50    </NbMax>
                                  <EcartMax> 50 </EcartMax>
                                  <SigmaPond> 10 </SigmaPond>
                                  <ModePonderation> eL1Secured </ModePonderation>
                              </Pond>
                           </ObsLiaisons>
		    </SectionObservations>

	      </EtapeCompensation>

	      <EtapeCompensation>

                    <IterationsCompensation> </IterationsCompensation>
                    <IterationsCompensation> </IterationsCompensation>
                    <IterationsCompensation> </IterationsCompensation>

		    <SectionObservations>
                           <ObsLiaisons>
                              <NameRef> Id_Pastis_Hom </NameRef>
                              <Pond>
                                 <EcartMesureIndiv>  1.0 </EcartMesureIndiv>
                                 <Show> eNSM_Paquet     </Show>
                                 <NbMax>   50    </NbMax>
                                  <EcartMax> 20.0 </EcartMax>
                                  <SigmaPond> 5.0 </SigmaPond>
                                  <ModePonderation> eL1Secured </ModePonderation>
                              </Pond>
                           </ObsLiaisons>
		    </SectionObservations>


	      </EtapeCompensation>

	      <EtapeCompensation>

                    <IterationsCompensation> </IterationsCompensation>
                   <IterationsCompensation> </IterationsCompensation>


                    <IterationsCompensation> </IterationsCompensation>

		    <SectionObservations>
                           <ObsLiaisons>
                              <NameRef> Id_Pastis_Hom </NameRef>
                              <Pond>
                                 <EcartMesureIndiv>  1.0 </EcartMesureIndiv>
                                 <Show> eNSM_Paquet     </Show>
                                 <NbMax>   40    </NbMax>
				 <ModePonderation>  eL1Secured </ModePonderation>
				 <EcartMax> 5.0 </EcartMax>
				 <SigmaPond> 2.0 </SigmaPond>
                              </Pond>
                           </ObsLiaisons>
		    </SectionObservations>

                    <SectionExport>
                            <ExportPose>
                                <PatternSel> (.*) </PatternSel>
                                <KeyAssoc> NKS-Assoc-Im2Orient@${AeroOut} </KeyAssoc>
                                <AddCalib>  true </AddCalib>
                                <NbVerif>  10 </NbVerif>
                                <TolWhenVerif> 1e-3 </TolWhenVerif>
                                <FileExtern> ${OutCalib} </FileExtern>
                                <FileExternIsKey> false </FileExternIsKey>

                            </ExportPose>
                             <ExportCalib>
                                 <KeyAssoc>  ${OutCalib} </KeyAssoc>
                                 <KeyIsName> true </KeyIsName>
                            </ExportCalib>
                    </SectionExport>


	      </EtapeCompensation>
	</SectionCompensation>

   </ParamApero>
</Global>

